15:11:45.365 [DEBUG] [org.gradle.launcher.daemon.bootstrap.DaemonMain] Assuming the daemon was started with following jvm opts: [-XX:+HeapDumpOnOutOfMemoryError, -Xmx1024m, -Dfile.encoding=UTF-8, -Duser.country, -Duser.language=en, -Duser.variant]
15:11:45.683 [INFO] [org.gradle.launcher.daemon.server.Daemon] start() called on daemon - DefaultDaemonContext[uid=83a0b364-41e7-49d4-b0e7-06dd76bc6bb6,javaHome=/opt/jdk1.8.0_172,daemonRegistryDir=/app/cache/daemon,pid=28,idleTimeout=10800000,daemonOpts=-XX:+HeapDumpOnOutOfMemoryError,-Xmx1024m,-Dfile.encoding=UTF-8,-Duser.country,-Duser.language=en,-Duser.variant]
15:11:45.754 [DEBUG] [org.gradle.internal.remote.internal.inet.InetAddresses] Adding IP addresses for network interface eth0
15:11:45.762 [DEBUG] [org.gradle.internal.remote.internal.inet.InetAddresses] Is this a loopback interface? false
15:11:45.767 [DEBUG] [org.gradle.internal.remote.internal.inet.InetAddresses] Is this a multicast interface? true
15:11:45.774 [DEBUG] [org.gradle.internal.remote.internal.inet.InetAddresses] Adding remote address /172.22.0.2
15:11:45.780 [DEBUG] [org.gradle.internal.remote.internal.inet.InetAddresses] Adding remote multicast interface eth0
15:11:45.785 [DEBUG] [org.gradle.internal.remote.internal.inet.InetAddresses] Adding IP addresses for network interface lo
15:11:45.789 [DEBUG] [org.gradle.internal.remote.internal.inet.InetAddresses] Is this a loopback interface? true
15:11:45.792 [DEBUG] [org.gradle.internal.remote.internal.inet.InetAddresses] Is this a multicast interface? false
15:11:45.796 [DEBUG] [org.gradle.internal.remote.internal.inet.InetAddresses] Adding loopback address /127.0.0.1
15:11:45.804 [DEBUG] [org.gradle.internal.remote.internal.inet.TcpIncomingConnector] Listening on [733c7dae-f0dc-47d8-9d86-f5e41e7e7a3b port:40575, addresses:[/127.0.0.1]].
15:11:45.818 [DEBUG] [org.gradle.launcher.daemon.server.Daemon] Daemon starting at: Sun Jun 10 15:11:45 GMT 2018, with address: [733c7dae-f0dc-47d8-9d86-f5e41e7e7a3b port:40575, addresses:[/127.0.0.1]]
15:11:45.822 [INFO] [org.gradle.launcher.daemon.server.DaemonRegistryUpdater] Advertising the daemon address to the clients: [733c7dae-f0dc-47d8-9d86-f5e41e7e7a3b port:40575, addresses:[/127.0.0.1]]
15:11:45.827 [DEBUG] [org.gradle.launcher.daemon.server.DaemonRegistryUpdater] Advertised daemon context: DefaultDaemonContext[uid=83a0b364-41e7-49d4-b0e7-06dd76bc6bb6,javaHome=/opt/jdk1.8.0_172,daemonRegistryDir=/app/cache/daemon,pid=28,idleTimeout=10800000,daemonOpts=-XX:+HeapDumpOnOutOfMemoryError,-Xmx1024m,-Dfile.encoding=UTF-8,-Duser.country,-Duser.language=en,-Duser.variant]
15:11:45.832 [DEBUG] [org.gradle.launcher.daemon.registry.PersistentDaemonRegistry] Storing daemon address: [733c7dae-f0dc-47d8-9d86-f5e41e7e7a3b port:40575, addresses:[/127.0.0.1]], context: DefaultDaemonContext[uid=83a0b364-41e7-49d4-b0e7-06dd76bc6bb6,javaHome=/opt/jdk1.8.0_172,daemonRegistryDir=/app/cache/daemon,pid=28,idleTimeout=10800000,daemonOpts=-XX:+HeapDumpOnOutOfMemoryError,-Xmx1024m,-Dfile.encoding=UTF-8,-Duser.country,-Duser.language=en,-Duser.variant]
15:11:45.861 [DEBUG] [org.gradle.cache.internal.DefaultFileLockManager] Waiting to acquire exclusive lock on daemon addresses registry.
15:11:45.871 [DEBUG] [org.gradle.cache.internal.DefaultFileLockManager] Lock acquired on daemon addresses registry.
15:11:45.895 [DEBUG] [org.gradle.cache.internal.DefaultFileLockManager] Releasing lock on daemon addresses registry.
15:11:45.901 [LIFECYCLE] [org.gradle.launcher.daemon.server.Daemon] Daemon server started.
15:11:45.908 [DEBUG] [org.gradle.launcher.daemon.bootstrap.DaemonStartupCommunication] Completed writing the daemon greeting. Closing streams...
15:11:45.933 [DEBUG] [org.gradle.launcher.daemon.server.Daemon] stopOnExpiration() called on daemon
15:11:45.936 [DEBUG] [org.gradle.internal.remote.internal.inet.TcpIncomingConnector] Accepted connection from /127.0.0.1:40804 to /127.0.0.1:40575.
15:11:45.943 [DEBUG] [org.gradle.launcher.daemon.server.Daemon] awaitExpiration() called on daemon
15:11:45.961 [DEBUG] [org.gradle.launcher.daemon.server.DaemonStateCoordinator] daemon is running. Sleeping until state changes.
15:11:46.222 [DEBUG] [org.gradle.launcher.daemon.server.SynchronizedDispatchConnection] thread 14: received class org.gradle.launcher.daemon.protocol.Build
15:11:46.226 [DEBUG] [org.gradle.launcher.daemon.server.DefaultDaemonConnection] thread 14: Received non-IO message from client: Build{id=fb915698-1d8d-43f5-9f34-3ec48466180c.1, currentDir=/app}
15:11:46.230 [INFO] [org.gradle.launcher.daemon.server.DefaultIncomingConnectionHandler] Received command: Build{id=fb915698-1d8d-43f5-9f34-3ec48466180c.1, currentDir=/app}.
15:11:46.234 [DEBUG] [org.gradle.launcher.daemon.server.DefaultIncomingConnectionHandler] Starting executing command: Build{id=fb915698-1d8d-43f5-9f34-3ec48466180c.1, currentDir=/app} with connection: socket connection from /127.0.0.1:40575 to /127.0.0.1:40804.
15:11:46.242 [ERROR] [org.gradle.launcher.daemon.server.DaemonStateCoordinator] Command execution: started DaemonCommandExecution[command = Build{id=fb915698-1d8d-43f5-9f34-3ec48466180c.1, currentDir=/app}, connection = DefaultDaemonConnection: socket connection from /127.0.0.1:40575 to /127.0.0.1:40804] after 0.0 minutes of idle
15:11:46.246 [INFO] [org.gradle.launcher.daemon.server.DaemonRegistryUpdater] Marking the daemon as busy, address: [733c7dae-f0dc-47d8-9d86-f5e41e7e7a3b port:40575, addresses:[/127.0.0.1]]
15:11:46.250 [DEBUG] [org.gradle.launcher.daemon.registry.PersistentDaemonRegistry] Marking busy by address: [733c7dae-f0dc-47d8-9d86-f5e41e7e7a3b port:40575, addresses:[/127.0.0.1]]
15:11:46.263 [DEBUG] [org.gradle.cache.internal.DefaultFileLockManager] Waiting to acquire exclusive lock on daemon addresses registry.
15:11:46.269 [DEBUG] [org.gradle.cache.internal.DefaultFileLockManager] Lock acquired on daemon addresses registry.
15:11:46.284 [DEBUG] [org.gradle.cache.internal.DefaultFileLockManager] Releasing lock on daemon addresses registry.
15:11:46.291 [DEBUG] [org.gradle.launcher.daemon.server.DaemonStateCoordinator] resetting idle timer
15:11:46.295 [DEBUG] [org.gradle.launcher.daemon.server.DaemonStateCoordinator] daemon is running. Sleeping until state changes.
15:11:46.295 [INFO] [org.gradle.launcher.daemon.server.exec.StartBuildOrRespondWithBusy] Daemon is about to start building Build{id=fb915698-1d8d-43f5-9f34-3ec48466180c.1, currentDir=/app}. Dispatching build started information...
15:11:46.304 [DEBUG] [org.gradle.launcher.daemon.server.SynchronizedDispatchConnection] thread 16: dispatching class org.gradle.launcher.daemon.protocol.BuildStarted
15:11:46.323 [DEBUG] [org.gradle.launcher.daemon.server.exec.EstablishBuildEnvironment] Configuring env variables: {PATH=/usr/local/sbin:/usr/local/bin:/usr/sbin:/usr/bin:/sbin:/bin:/opt/jdk/bin, JAVA_JCE=unlimited, SPRING_PROFILES_ACTIVE=dev, JAVA_HOME=/opt/jdk, OLDPWD=/app, GLIBC_VERSION=2.27-r0, LANG=C.UTF-8, JAVA_VERSION_MAJOR=8, GRADLE_USER_HOME=cache, HOSTNAME=7b57e811bdac, GLIBC_REPO=https://github.com/sgerrand/alpine-pkg-glibc, JAVA_VERSION_MINOR=172, PWD=/app, JAVA_PACKAGE=jdk, JAVA_VERSION_BUILD=11, HOME=/root, SHLVL=1}
15:11:46.353 [DEBUG] [org.gradle.launcher.daemon.server.exec.LogToClient] About to start relaying all logs to the client via the connection.
15:11:46.354 [DEBUG] [org.gradle.launcher.daemon.server.SynchronizedDispatchConnection] thread 14: received class org.gradle.launcher.daemon.protocol.CloseInput
15:11:46.363 [DEBUG] [org.gradle.launcher.daemon.server.DefaultDaemonConnection] thread 14: Received IO message from client: org.gradle.launcher.daemon.protocol.CloseInput@1467947d
15:11:46.363 [INFO] [org.gradle.launcher.daemon.server.exec.LogToClient] The client will now receive all logging from the daemon (pid: 28). The daemon log file: /app/cache/daemon/4.5.1/daemon-28.out.log
15:11:46.372 [INFO] [org.gradle.launcher.daemon.server.exec.LogAndCheckHealth] Starting build in new daemon [memory: 954.7 MB]
15:11:46.377 [INFO] [org.gradle.launcher.daemon.server.exec.ForwardClientInput] Closing daemon's stdin at end of input.
15:11:46.387 [INFO] [org.gradle.launcher.daemon.server.exec.ForwardClientInput] The daemon will no longer process any standard input.
15:11:46.386 [DEBUG] [org.gradle.launcher.daemon.server.exec.ExecuteBuild] The daemon has started executing the build.
15:11:46.402 [DEBUG] [org.gradle.launcher.daemon.server.exec.ExecuteBuild] Executing build with daemon context: DefaultDaemonContext[uid=83a0b364-41e7-49d4-b0e7-06dd76bc6bb6,javaHome=/opt/jdk1.8.0_172,daemonRegistryDir=/app/cache/daemon,pid=28,idleTimeout=10800000,daemonOpts=-XX:+HeapDumpOnOutOfMemoryError,-Xmx1024m,-Dfile.encoding=UTF-8,-Duser.country,-Duser.language=en,-Duser.variant]
:compileJava
:processResources UP-TO-DATE
:classes
:bootRun
15:12:11.939 [main] DEBUG org.springframework.boot.devtools.settings.DevToolsSettings - Included patterns for restart : []
15:12:11.948 [main] DEBUG org.springframework.boot.devtools.settings.DevToolsSettings - Excluded patterns for restart : [/spring-boot-actuator/target/classes/, /spring-boot-devtools/target/classes/, /spring-boot/target/classes/, /spring-boot-starter-[\w-]+/, /spring-boot-autoconfigure/target/classes/, /spring-boot-starter/target/classes/]
15:12:11.949 [main] DEBUG org.springframework.boot.devtools.restart.ChangeableUrls - Matching URLs for reloading : [file:/app/build/classes/java/main/, file:/app/build/resources/main/]

  .   ____          _            __ _ _
 /\\ / ___'_ __ _ _(_)_ __  __ _ \ \ \ \
( ( )\___ | '_ | '_| | '_ \/ _` | \ \ \ \
 \\/  ___)| |_)| | | | | || (_| |  ) ) ) )
  '  |____| .__|_| |_|_| |_\__, | / / / /
 =========|_|==============|___/=/_/_/_/
 :: Spring Boot ::        (v2.0.2.RELEASE)

2018-06-10 15:12:13.505  INFO 66 --- [  restartedMain] c.e.noteappbackend.DemoApplication       : Starting DemoApplication on 7b57e811bdac with PID 66 (/app/build/classes/java/main started by root in /app)
2018-06-10 15:12:13.507  INFO 66 --- [  restartedMain] c.e.noteappbackend.DemoApplication       : The following profiles are active: dev
2018-06-10 15:12:13.813  INFO 66 --- [  restartedMain] ConfigServletWebServerApplicationContext : Refreshing org.springframework.boot.web.servlet.context.AnnotationConfigServletWebServerApplicationContext@1898f015: startup date [Sun Jun 10 15:12:13 GMT 2018]; root of context hierarchy
2018-06-10 15:12:18.332  INFO 66 --- [  restartedMain] trationDelegate$BeanPostProcessorChecker : Bean 'org.springframework.transaction.annotation.ProxyTransactionManagementConfiguration' of type [org.springframework.transaction.annotation.ProxyTransactionManagementConfiguration$$EnhancerBySpringCGLIB$$9588d8e7] is not eligible for getting processed by all BeanPostProcessors (for example: not eligible for auto-proxying)
2018-06-10 15:12:19.581  INFO 66 --- [  restartedMain] o.s.b.w.embedded.tomcat.TomcatWebServer  : Tomcat initialized with port(s): 8080 (http)
2018-06-10 15:12:19.658  INFO 66 --- [  restartedMain] o.apache.catalina.core.StandardService   : Starting service [Tomcat]
2018-06-10 15:12:19.658  INFO 66 --- [  restartedMain] org.apache.catalina.core.StandardEngine  : Starting Servlet Engine: Apache Tomcat/8.5.31
2018-06-10 15:12:19.712  INFO 66 --- [ost-startStop-1] o.a.catalina.core.AprLifecycleListener   : The APR based Apache Tomcat Native library which allows optimal performance in production environments was not found on the java.library.path: [/usr/java/packages/lib/amd64:/usr/lib64:/lib64:/lib:/usr/lib]
2018-06-10 15:12:20.414  INFO 66 --- [ost-startStop-1] o.a.c.c.C.[Tomcat].[localhost].[/]       : Initializing Spring embedded WebApplicationContext
2018-06-10 15:12:20.415  INFO 66 --- [ost-startStop-1] o.s.web.context.ContextLoader            : Root WebApplicationContext: initialization completed in 6610 ms
2018-06-10 15:12:20.699  INFO 66 --- [ost-startStop-1] o.s.b.w.servlet.ServletRegistrationBean  : Servlet dispatcherServlet mapped to [/]
2018-06-10 15:12:20.711  INFO 66 --- [ost-startStop-1] o.s.b.w.servlet.FilterRegistrationBean   : Mapping filter: 'characterEncodingFilter' to: [/*]
2018-06-10 15:12:20.712  INFO 66 --- [ost-startStop-1] o.s.b.w.servlet.FilterRegistrationBean   : Mapping filter: 'hiddenHttpMethodFilter' to: [/*]
2018-06-10 15:12:20.713  INFO 66 --- [ost-startStop-1] o.s.b.w.servlet.FilterRegistrationBean   : Mapping filter: 'httpPutFormContentFilter' to: [/*]
2018-06-10 15:12:20.713  INFO 66 --- [ost-startStop-1] o.s.b.w.servlet.FilterRegistrationBean   : Mapping filter: 'requestContextFilter' to: [/*]
2018-06-10 15:12:21.169  INFO 66 --- [  restartedMain] o.f.core.internal.util.VersionPrinter    : Flyway Community Edition 5.0.7 by Boxfuse
2018-06-10 15:12:21.199  INFO 66 --- [  restartedMain] com.zaxxer.hikari.HikariDataSource       : HikariPool-1 - Starting...
2018-06-10 15:12:21.445  INFO 66 --- [  restartedMain] com.zaxxer.hikari.HikariDataSource       : HikariPool-1 - Start completed.
2018-06-10 15:12:21.461  INFO 66 --- [  restartedMain] o.f.c.internal.database.DatabaseFactory  : Database: jdbc:postgresql://postgresdev:5432/pgdev (PostgreSQL 10.4)
2018-06-10 15:12:21.635  INFO 66 --- [  restartedMain] o.f.core.internal.command.DbValidate     : Successfully validated 1 migration (execution time 00:00.038s)
2018-06-10 15:12:21.665  INFO 66 --- [  restartedMain] o.f.c.i.s.JdbcTableSchemaHistory         : Creating Schema History table: "public"."flyway_schema_history"
2018-06-10 15:12:21.761  INFO 66 --- [  restartedMain] o.f.core.internal.command.DbMigrate      : Current version of schema "public": << Empty Schema >>
2018-06-10 15:12:21.792  INFO 66 --- [  restartedMain] o.f.core.internal.command.DbMigrate      : Migrating schema "public" to version 1 - Create users table
2018-06-10 15:12:21.823  INFO 66 --- [  restartedMain] o.f.core.internal.command.DbMigrate      : Successfully applied 1 migration to schema "public" (execution time 00:00.159s)
2018-06-10 15:12:21.826  INFO 66 --- [  restartedMain] o.f.c.i.c.SqlScriptFlywayCallback        : Executing SQL callback: afterMigrate
2018-06-10 15:12:22.303  INFO 66 --- [  restartedMain] j.LocalContainerEntityManagerFactoryBean : Building JPA container EntityManagerFactory for persistence unit 'default'
2018-06-10 15:12:22.397  INFO 66 --- [  restartedMain] o.hibernate.jpa.internal.util.LogHelper  : HHH000204: Processing PersistenceUnitInfo [
	name: default
	...]
2018-06-10 15:12:22.765  INFO 66 --- [  restartedMain] org.hibernate.Version                    : HHH000412: Hibernate Core {5.2.17.Final}
2018-06-10 15:12:22.772  INFO 66 --- [  restartedMain] org.hibernate.cfg.Environment            : HHH000206: hibernate.properties not found
2018-06-10 15:12:22.962  INFO 66 --- [  restartedMain] o.hibernate.annotations.common.Version   : HCANN000001: Hibernate Commons Annotations {5.0.1.Final}
2018-06-10 15:12:23.504  INFO 66 --- [  restartedMain] org.hibernate.dialect.Dialect            : HHH000400: Using dialect: org.hibernate.dialect.PostgreSQL95Dialect
2018-06-10 15:12:23.813  INFO 66 --- [  restartedMain] o.h.e.j.e.i.LobCreatorBuilderImpl        : HHH000424: Disabling contextual LOB creation as createClob() method threw error : java.lang.reflect.InvocationTargetException

java.lang.reflect.InvocationTargetException: null
	at sun.reflect.NativeMethodAccessorImpl.invoke0(Native Method) ~[na:1.8.0_172]
	at sun.reflect.NativeMethodAccessorImpl.invoke(NativeMethodAccessorImpl.java:62) ~[na:1.8.0_172]
	at sun.reflect.DelegatingMethodAccessorImpl.invoke(DelegatingMethodAccessorImpl.java:43) ~[na:1.8.0_172]
	at java.lang.reflect.Method.invoke(Method.java:498) ~[na:1.8.0_172]
	at org.hibernate.engine.jdbc.env.internal.LobCreatorBuilderImpl.useContextualLobCreation(LobCreatorBuilderImpl.java:113) [hibernate-core-5.2.17.Final.jar:5.2.17.Final]
	at org.hibernate.engine.jdbc.env.internal.LobCreatorBuilderImpl.makeLobCreatorBuilder(LobCreatorBuilderImpl.java:54) [hibernate-core-5.2.17.Final.jar:5.2.17.Final]
	at org.hibernate.engine.jdbc.env.internal.JdbcEnvironmentImpl.<init>(JdbcEnvironmentImpl.java:271) [hibernate-core-5.2.17.Final.jar:5.2.17.Final]
	at org.hibernate.engine.jdbc.env.internal.JdbcEnvironmentInitiator.initiateService(JdbcEnvironmentInitiator.java:114) [hibernate-core-5.2.17.Final.jar:5.2.17.Final]
	at org.hibernate.engine.jdbc.env.internal.JdbcEnvironmentInitiator.initiateService(JdbcEnvironmentInitiator.java:35) [hibernate-core-5.2.17.Final.jar:5.2.17.Final]
	at org.hibernate.boot.registry.internal.StandardServiceRegistryImpl.initiateService(StandardServiceRegistryImpl.java:88) [hibernate-core-5.2.17.Final.jar:5.2.17.Final]
	at org.hibernate.service.internal.AbstractServiceRegistryImpl.createService(AbstractServiceRegistryImpl.java:259) [hibernate-core-5.2.17.Final.jar:5.2.17.Final]
	at org.hibernate.service.internal.AbstractServiceRegistryImpl.initializeService(AbstractServiceRegistryImpl.java:233) [hibernate-core-5.2.17.Final.jar:5.2.17.Final]
	at org.hibernate.service.internal.AbstractServiceRegistryImpl.getService(AbstractServiceRegistryImpl.java:210) [hibernate-core-5.2.17.Final.jar:5.2.17.Final]
	at org.hibernate.engine.jdbc.internal.JdbcServicesImpl.configure(JdbcServicesImpl.java:51) [hibernate-core-5.2.17.Final.jar:5.2.17.Final]
	at org.hibernate.boot.registry.internal.StandardServiceRegistryImpl.configureService(StandardServiceRegistryImpl.java:94) [hibernate-core-5.2.17.Final.jar:5.2.17.Final]
	at org.hibernate.service.internal.AbstractServiceRegistryImpl.initializeService(AbstractServiceRegistryImpl.java:242) [hibernate-core-5.2.17.Final.jar:5.2.17.Final]
	at org.hibernate.service.internal.AbstractServiceRegistryImpl.getService(AbstractServiceRegistryImpl.java:210) [hibernate-core-5.2.17.Final.jar:5.2.17.Final]
	at org.hibernate.boot.model.process.spi.MetadataBuildingProcess.handleTypes(MetadataBuildingProcess.java:352) [hibernate-core-5.2.17.Final.jar:5.2.17.Final]
	at org.hibernate.boot.model.process.spi.MetadataBuildingProcess.complete(MetadataBuildingProcess.java:111) [hibernate-core-5.2.17.Final.jar:5.2.17.Final]
	at org.hibernate.jpa.boot.internal.EntityManagerFactoryBuilderImpl.metadata(EntityManagerFactoryBuilderImpl.java:861) [hibernate-core-5.2.17.Final.jar:5.2.17.Final]
	at org.hibernate.jpa.boot.internal.EntityManagerFactoryBuilderImpl.build(EntityManagerFactoryBuilderImpl.java:888) [hibernate-core-5.2.17.Final.jar:5.2.17.Final]
	at org.springframework.orm.jpa.vendor.SpringHibernateJpaPersistenceProvider.createContainerEntityManagerFactory(SpringHibernateJpaPersistenceProvider.java:57) [spring-orm-5.0.6.RELEASE.jar:5.0.6.RELEASE]
	at org.springframework.orm.jpa.LocalContainerEntityManagerFactoryBean.createNativeEntityManagerFactory(LocalContainerEntityManagerFactoryBean.java:365) [spring-orm-5.0.6.RELEASE.jar:5.0.6.RELEASE]
	at org.springframework.orm.jpa.AbstractEntityManagerFactoryBean.buildNativeEntityManagerFactory(AbstractEntityManagerFactoryBean.java:390) [spring-orm-5.0.6.RELEASE.jar:5.0.6.RELEASE]
	at org.springframework.orm.jpa.AbstractEntityManagerFactoryBean.afterPropertiesSet(AbstractEntityManagerFactoryBean.java:377) [spring-orm-5.0.6.RELEASE.jar:5.0.6.RELEASE]
	at org.springframework.orm.jpa.LocalContainerEntityManagerFactoryBean.afterPropertiesSet(LocalContainerEntityManagerFactoryBean.java:341) [spring-orm-5.0.6.RELEASE.jar:5.0.6.RELEASE]
	at org.springframework.beans.factory.support.AbstractAutowireCapableBeanFactory.invokeInitMethods(AbstractAutowireCapableBeanFactory.java:1765) [spring-beans-5.0.6.RELEASE.jar:5.0.6.RELEASE]
	at org.springframework.beans.factory.support.AbstractAutowireCapableBeanFactory.initializeBean(AbstractAutowireCapableBeanFactory.java:1702) [spring-beans-5.0.6.RELEASE.jar:5.0.6.RELEASE]
	at org.springframework.beans.factory.support.AbstractAutowireCapableBeanFactory.doCreateBean(AbstractAutowireCapableBeanFactory.java:579) [spring-beans-5.0.6.RELEASE.jar:5.0.6.RELEASE]
	at org.springframework.beans.factory.support.AbstractAutowireCapableBeanFactory.createBean(AbstractAutowireCapableBeanFactory.java:501) [spring-beans-5.0.6.RELEASE.jar:5.0.6.RELEASE]
	at org.springframework.beans.factory.support.AbstractBeanFactory.lambda$doGetBean$0(AbstractBeanFactory.java:317) [spring-beans-5.0.6.RELEASE.jar:5.0.6.RELEASE]
	at org.springframework.beans.factory.support.DefaultSingletonBeanRegistry.getSingleton(DefaultSingletonBeanRegistry.java:228) ~[spring-beans-5.0.6.RELEASE.jar:5.0.6.RELEASE]
	at org.springframework.beans.factory.support.AbstractBeanFactory.doGetBean(AbstractBeanFactory.java:315) [spring-beans-5.0.6.RELEASE.jar:5.0.6.RELEASE]
	at org.springframework.beans.factory.support.AbstractBeanFactory.getBean(AbstractBeanFactory.java:199) [spring-beans-5.0.6.RELEASE.jar:5.0.6.RELEASE]
	at org.springframework.context.support.AbstractApplicationContext.getBean(AbstractApplicationContext.java:1089) ~[spring-context-5.0.6.RELEASE.jar:5.0.6.RELEASE]
	at org.springframework.context.support.AbstractApplicationContext.finishBeanFactoryInitialization(AbstractApplicationContext.java:859) ~[spring-context-5.0.6.RELEASE.jar:5.0.6.RELEASE]
	at org.springframework.context.support.AbstractApplicationContext.refresh(AbstractApplicationContext.java:550) ~[spring-context-5.0.6.RELEASE.jar:5.0.6.RELEASE]
	at org.springframework.boot.web.servlet.context.ServletWebServerApplicationContext.refresh(ServletWebServerApplicationContext.java:140) ~[spring-boot-2.0.2.RELEASE.jar:2.0.2.RELEASE]
	at org.springframework.boot.SpringApplication.refresh(SpringApplication.java:759) ~[spring-boot-2.0.2.RELEASE.jar:2.0.2.RELEASE]
	at org.springframework.boot.SpringApplication.refreshContext(SpringApplication.java:395) ~[spring-boot-2.0.2.RELEASE.jar:2.0.2.RELEASE]
	at org.springframework.boot.SpringApplication.run(SpringApplication.java:327) ~[spring-boot-2.0.2.RELEASE.jar:2.0.2.RELEASE]
	at org.springframework.boot.SpringApplication.run(SpringApplication.java:1255) ~[spring-boot-2.0.2.RELEASE.jar:2.0.2.RELEASE]
	at org.springframework.boot.SpringApplication.run(SpringApplication.java:1243) ~[spring-boot-2.0.2.RELEASE.jar:2.0.2.RELEASE]
	at com.example.noteappbackend.DemoApplication.main(DemoApplication.java:10) ~[main/:na]
	at sun.reflect.NativeMethodAccessorImpl.invoke0(Native Method) ~[na:1.8.0_172]
	at sun.reflect.NativeMethodAccessorImpl.invoke(NativeMethodAccessorImpl.java:62) ~[na:1.8.0_172]
	at sun.reflect.DelegatingMethodAccessorImpl.invoke(DelegatingMethodAccessorImpl.java:43) ~[na:1.8.0_172]
	at java.lang.reflect.Method.invoke(Method.java:498) ~[na:1.8.0_172]
	at org.springframework.boot.devtools.restart.RestartLauncher.run(RestartLauncher.java:49) ~[spring-boot-devtools-2.0.2.RELEASE.jar:2.0.2.RELEASE]
Caused by: java.sql.SQLFeatureNotSupportedException: Method org.postgresql.jdbc.PgConnection.createClob() is not yet implemented.
	at org.postgresql.Driver.notImplemented(Driver.java:683) ~[postgresql-42.2.2.jar:42.2.2]
	at org.postgresql.jdbc.PgConnection.createClob(PgConnection.java:1252) ~[postgresql-42.2.2.jar:42.2.2]
	... 49 common frames omitted

2018-06-10 15:12:23.824  INFO 66 --- [  restartedMain] org.hibernate.type.BasicTypeRegistry     : HHH000270: Type registration [java.util.UUID] overrides previous : org.hibernate.type.UUIDBinaryType@2508720b
2018-06-10 15:12:25.614  INFO 66 --- [  restartedMain] j.LocalContainerEntityManagerFactoryBean : Initialized JPA EntityManagerFactory for persistence unit 'default'
2018-06-10 15:12:26.846  INFO 66 --- [  restartedMain] o.s.w.s.handler.SimpleUrlHandlerMapping  : Mapped URL path [/**/favicon.ico] onto handler of type [class org.springframework.web.servlet.resource.ResourceHttpRequestHandler]
2018-06-10 15:12:27.624  INFO 66 --- [  restartedMain] s.w.s.m.m.a.RequestMappingHandlerAdapter : Looking for @ControllerAdvice: org.springframework.boot.web.servlet.context.AnnotationConfigServletWebServerApplicationContext@1898f015: startup date [Sun Jun 10 15:12:13 GMT 2018]; root of context hierarchy
2018-06-10 15:12:27.786  WARN 66 --- [  restartedMain] aWebConfiguration$JpaWebMvcConfiguration : spring.jpa.open-in-view is enabled by default. Therefore, database queries may be performed during view rendering. Explicitly configure spring.jpa.open-in-view to disable this warning
2018-06-10 15:12:27.913  INFO 66 --- [  restartedMain] s.w.s.m.m.a.RequestMappingHandlerMapping : Mapped "{[/titles],methods=[GET]}" onto public java.lang.Iterable<com.example.noteappbackend.models.Title> com.example.noteappbackend.controllers.TitleController.findAllTitles()
2018-06-10 15:12:27.926  INFO 66 --- [  restartedMain] s.w.s.m.m.a.RequestMappingHandlerMapping : Mapped "{[/error],produces=[text/html]}" onto public org.springframework.web.servlet.ModelAndView org.springframework.boot.autoconfigure.web.servlet.error.BasicErrorController.errorHtml(javax.servlet.http.HttpServletRequest,javax.servlet.http.HttpServletResponse)
2018-06-10 15:12:27.929  INFO 66 --- [  restartedMain] s.w.s.m.m.a.RequestMappingHandlerMapping : Mapped "{[/error]}" onto public org.springframework.http.ResponseEntity<java.util.Map<java.lang.String, java.lang.Object>> org.springframework.boot.autoconfigure.web.servlet.error.BasicErrorController.error(javax.servlet.http.HttpServletRequest)
2018-06-10 15:12:28.018  INFO 66 --- [  restartedMain] o.s.w.s.handler.SimpleUrlHandlerMapping  : Mapped URL path [/webjars/**] onto handler of type [class org.springframework.web.servlet.resource.ResourceHttpRequestHandler]
2018-06-10 15:12:28.018  INFO 66 --- [  restartedMain] o.s.w.s.handler.SimpleUrlHandlerMapping  : Mapped URL path [/**] onto handler of type [class org.springframework.web.servlet.resource.ResourceHttpRequestHandler]
2018-06-10 15:12:28.851  INFO 66 --- [  restartedMain] o.s.b.d.a.OptionalLiveReloadServer       : LiveReload server is running on port 35729
2018-06-10 15:12:28.938  INFO 66 --- [  restartedMain] o.s.j.e.a.AnnotationMBeanExporter        : Registering beans for JMX exposure on startup
2018-06-10 15:12:28.947  INFO 66 --- [  restartedMain] o.s.j.e.a.AnnotationMBeanExporter        : Bean with name 'dataSource' has been autodetected for JMX exposure
2018-06-10 15:12:28.964  INFO 66 --- [  restartedMain] o.s.j.e.a.AnnotationMBeanExporter        : Located MBean 'dataSource': registering with JMX server as MBean [com.zaxxer.hikari:name=dataSource,type=HikariDataSource]
2018-06-10 15:12:29.066  INFO 66 --- [  restartedMain] o.s.b.w.embedded.tomcat.TomcatWebServer  : Tomcat started on port(s): 8080 (http) with context path ''
2018-06-10 15:12:29.079  INFO 66 --- [  restartedMain] c.e.noteappbackend.DemoApplication       : Started DemoApplication in 17.024 seconds (JVM running for 19.531)
2018-06-10 15:13:03.700  INFO 66 --- [nio-8080-exec-1] o.a.c.c.C.[Tomcat].[localhost].[/]       : Initializing Spring FrameworkServlet 'dispatcherServlet'
2018-06-10 15:13:03.701  INFO 66 --- [nio-8080-exec-1] o.s.web.servlet.DispatcherServlet        : FrameworkServlet 'dispatcherServlet': initialization started
2018-06-10 15:13:03.775  INFO 66 --- [nio-8080-exec-1] o.s.web.servlet.DispatcherServlet        : FrameworkServlet 'dispatcherServlet': initialization completed in 74 ms
2018-06-10 15:13:06.340  INFO 66 --- [nio-8080-exec-2] o.h.h.i.QueryTranslatorFactoryInitiator  : HHH000397: Using ASTQueryTranslatorFactory
2018-06-10 15:13:06.978  WARN 66 --- [nio-8080-exec-2] o.h.engine.jdbc.spi.SqlExceptionHelper   : SQL Error: 0, SQLState: 42P01
2018-06-10 15:13:06.983 ERROR 66 --- [nio-8080-exec-2] o.h.engine.jdbc.spi.SqlExceptionHelper   : ERROR: relation "titles" does not exist
  Position: 92
2018-06-10 15:13:07.042 ERROR 66 --- [nio-8080-exec-2] o.a.c.c.C.[.[.[/].[dispatcherServlet]    : Servlet.service() for servlet [dispatcherServlet] in context with path [] threw exception [Request processing failed; nested exception is org.springframework.dao.InvalidDataAccessResourceUsageException: could not extract ResultSet; SQL [n/a]; nested exception is org.hibernate.exception.SQLGrammarException: could not extract ResultSet] with root cause

org.postgresql.util.PSQLException: ERROR: relation "titles" does not exist
  Position: 92
	at org.postgresql.core.v3.QueryExecutorImpl.receiveErrorResponse(QueryExecutorImpl.java:2433) ~[postgresql-42.2.2.jar:42.2.2]
	at org.postgresql.core.v3.QueryExecutorImpl.processResults(QueryExecutorImpl.java:2178) ~[postgresql-42.2.2.jar:42.2.2]
	at org.postgresql.core.v3.QueryExecutorImpl.execute(QueryExecutorImpl.java:306) ~[postgresql-42.2.2.jar:42.2.2]
	at org.postgresql.jdbc.PgStatement.executeInternal(PgStatement.java:441) ~[postgresql-42.2.2.jar:42.2.2]
	at org.postgresql.jdbc.PgStatement.execute(PgStatement.java:365) ~[postgresql-42.2.2.jar:42.2.2]
	at org.postgresql.jdbc.PgPreparedStatement.executeWithFlags(PgPreparedStatement.java:155) ~[postgresql-42.2.2.jar:42.2.2]
	at org.postgresql.jdbc.PgPreparedStatement.executeQuery(PgPreparedStatement.java:118) ~[postgresql-42.2.2.jar:42.2.2]
	at com.zaxxer.hikari.pool.ProxyPreparedStatement.executeQuery(ProxyPreparedStatement.java:52) ~[HikariCP-2.7.9.jar:na]
	at com.zaxxer.hikari.pool.HikariProxyPreparedStatement.executeQuery(HikariProxyPreparedStatement.java) ~[HikariCP-2.7.9.jar:na]
	at org.hibernate.engine.jdbc.internal.ResultSetReturnImpl.extract(ResultSetReturnImpl.java:60) ~[hibernate-core-5.2.17.Final.jar:5.2.17.Final]
	at org.hibernate.loader.Loader.getResultSet(Loader.java:2168) ~[hibernate-core-5.2.17.Final.jar:5.2.17.Final]
	at org.hibernate.loader.Loader.executeQueryStatement(Loader.java:1931) ~[hibernate-core-5.2.17.Final.jar:5.2.17.Final]
	at org.hibernate.loader.Loader.executeQueryStatement(Loader.java:1893) ~[hibernate-core-5.2.17.Final.jar:5.2.17.Final]
	at org.hibernate.loader.Loader.doQuery(Loader.java:938) ~[hibernate-core-5.2.17.Final.jar:5.2.17.Final]
	at org.hibernate.loader.Loader.doQueryAndInitializeNonLazyCollections(Loader.java:341) ~[hibernate-core-5.2.17.Final.jar:5.2.17.Final]
	at org.hibernate.loader.Loader.doList(Loader.java:2692) ~[hibernate-core-5.2.17.Final.jar:5.2.17.Final]
	at org.hibernate.loader.Loader.doList(Loader.java:2675) ~[hibernate-core-5.2.17.Final.jar:5.2.17.Final]
	at org.hibernate.loader.Loader.listIgnoreQueryCache(Loader.java:2507) ~[hibernate-core-5.2.17.Final.jar:5.2.17.Final]
	at org.hibernate.loader.Loader.list(Loader.java:2502) ~[hibernate-core-5.2.17.Final.jar:5.2.17.Final]
	at org.hibernate.loader.hql.QueryLoader.list(QueryLoader.java:502) ~[hibernate-core-5.2.17.Final.jar:5.2.17.Final]
	at org.hibernate.hql.internal.ast.QueryTranslatorImpl.list(QueryTranslatorImpl.java:392) ~[hibernate-core-5.2.17.Final.jar:5.2.17.Final]
	at org.hibernate.engine.query.spi.HQLQueryPlan.performList(HQLQueryPlan.java:216) ~[hibernate-core-5.2.17.Final.jar:5.2.17.Final]
	at org.hibernate.internal.SessionImpl.list(SessionImpl.java:1490) ~[hibernate-core-5.2.17.Final.jar:5.2.17.Final]
	at org.hibernate.query.internal.AbstractProducedQuery.doList(AbstractProducedQuery.java:1445) ~[hibernate-core-5.2.17.Final.jar:5.2.17.Final]
	at org.hibernate.query.internal.AbstractProducedQuery.list(AbstractProducedQuery.java:1414) ~[hibernate-core-5.2.17.Final.jar:5.2.17.Final]
	at org.hibernate.query.Query.getResultList(Query.java:146) ~[hibernate-core-5.2.17.Final.jar:5.2.17.Final]
	at org.hibernate.query.criteria.internal.compile.CriteriaQueryTypeQueryAdapter.getResultList(CriteriaQueryTypeQueryAdapter.java:72) ~[hibernate-core-5.2.17.Final.jar:5.2.17.Final]
	at org.springframework.data.jpa.repository.support.SimpleJpaRepository.findAll(SimpleJpaRepository.java:307) ~[spring-data-jpa-2.0.7.RELEASE.jar:2.0.7.RELEASE]
	at sun.reflect.NativeMethodAccessorImpl.invoke0(Native Method) ~[na:1.8.0_172]
	at sun.reflect.NativeMethodAccessorImpl.invoke(NativeMethodAccessorImpl.java:62) ~[na:1.8.0_172]
	at sun.reflect.DelegatingMethodAccessorImpl.invoke(DelegatingMethodAccessorImpl.java:43) ~[na:1.8.0_172]
	at java.lang.reflect.Method.invoke(Method.java:498) ~[na:1.8.0_172]
	at org.springframework.data.repository.core.support.RepositoryComposition$RepositoryFragments.invoke(RepositoryComposition.java:377) ~[spring-data-commons-2.0.7.RELEASE.jar:2.0.7.RELEASE]
	at org.springframework.data.repository.core.support.RepositoryComposition.invoke(RepositoryComposition.java:200) ~[spring-data-commons-2.0.7.RELEASE.jar:2.0.7.RELEASE]
	at org.springframework.data.repository.core.support.RepositoryFactorySupport$ImplementationMethodExecutionInterceptor.invoke(RepositoryFactorySupport.java:629) ~[spring-data-commons-2.0.7.RELEASE.jar:2.0.7.RELEASE]
	at org.springframework.aop.framework.ReflectiveMethodInvocation.proceed(ReflectiveMethodInvocation.java:185) ~[spring-aop-5.0.6.RELEASE.jar:5.0.6.RELEASE]
	at org.springframework.data.repository.core.support.RepositoryFactorySupport$QueryExecutorMethodInterceptor.doInvoke(RepositoryFactorySupport.java:593) ~[spring-data-commons-2.0.7.RELEASE.jar:2.0.7.RELEASE]
	at org.springframework.data.repository.core.support.RepositoryFactorySupport$QueryExecutorMethodInterceptor.invoke(RepositoryFactorySupport.java:578) ~[spring-data-commons-2.0.7.RELEASE.jar:2.0.7.RELEASE]
	at org.springframework.aop.framework.ReflectiveMethodInvocation.proceed(ReflectiveMethodInvocation.java:185) ~[spring-aop-5.0.6.RELEASE.jar:5.0.6.RELEASE]
	at org.springframework.data.projection.DefaultMethodInvokingMethodInterceptor.invoke(DefaultMethodInvokingMethodInterceptor.java:59) ~[spring-data-commons-2.0.7.RELEASE.jar:2.0.7.RELEASE]
	at org.springframework.aop.framework.ReflectiveMethodInvocation.proceed(ReflectiveMethodInvocation.java:185) ~[spring-aop-5.0.6.RELEASE.jar:5.0.6.RELEASE]
	at org.springframework.transaction.interceptor.TransactionAspectSupport.invokeWithinTransaction(TransactionAspectSupport.java:294) ~[spring-tx-5.0.6.RELEASE.jar:5.0.6.RELEASE]
	at org.springframework.transaction.interceptor.TransactionInterceptor.invoke(TransactionInterceptor.java:98) ~[spring-tx-5.0.6.RELEASE.jar:5.0.6.RELEASE]
	at org.springframework.aop.framework.ReflectiveMethodInvocation.proceed(ReflectiveMethodInvocation.java:185) ~[spring-aop-5.0.6.RELEASE.jar:5.0.6.RELEASE]
	at org.springframework.dao.support.PersistenceExceptionTranslationInterceptor.invoke(PersistenceExceptionTranslationInterceptor.java:139) ~[spring-tx-5.0.6.RELEASE.jar:5.0.6.RELEASE]
	at org.springframework.aop.framework.ReflectiveMethodInvocation.proceed(ReflectiveMethodInvocation.java:185) ~[spring-aop-5.0.6.RELEASE.jar:5.0.6.RELEASE]
	at org.springframework.data.jpa.repository.support.CrudMethodMetadataPostProcessor$CrudMethodMetadataPopulatingMethodInterceptor.invoke(CrudMethodMetadataPostProcessor.java:135) ~[spring-data-jpa-2.0.7.RELEASE.jar:2.0.7.RELEASE]
	at org.springframework.aop.framework.ReflectiveMethodInvocation.proceed(ReflectiveMethodInvocation.java:185) ~[spring-aop-5.0.6.RELEASE.jar:5.0.6.RELEASE]
	at org.springframework.aop.interceptor.ExposeInvocationInterceptor.invoke(ExposeInvocationInterceptor.java:92) ~[spring-aop-5.0.6.RELEASE.jar:5.0.6.RELEASE]
	at org.springframework.aop.framework.ReflectiveMethodInvocation.proceed(ReflectiveMethodInvocation.java:185) ~[spring-aop-5.0.6.RELEASE.jar:5.0.6.RELEASE]
	at org.springframework.data.repository.core.support.SurroundingTransactionDetectorMethodInterceptor.invoke(SurroundingTransactionDetectorMethodInterceptor.java:61) ~[spring-data-commons-2.0.7.RELEASE.jar:2.0.7.RELEASE]
	at org.springframework.aop.framework.ReflectiveMethodInvocation.proceed(ReflectiveMethodInvocation.java:185) ~[spring-aop-5.0.6.RELEASE.jar:5.0.6.RELEASE]
	at org.springframework.aop.framework.JdkDynamicAopProxy.invoke(JdkDynamicAopProxy.java:212) ~[spring-aop-5.0.6.RELEASE.jar:5.0.6.RELEASE]
	at com.sun.proxy.$Proxy95.findAll(Unknown Source) ~[na:na]
	at com.example.noteappbackend.controllers.TitleController.findAllTitles(TitleController.java:22) ~[main/:na]
	at sun.reflect.NativeMethodAccessorImpl.invoke0(Native Method) ~[na:1.8.0_172]
	at sun.reflect.NativeMethodAccessorImpl.invoke(NativeMethodAccessorImpl.java:62) ~[na:1.8.0_172]
	at sun.reflect.DelegatingMethodAccessorImpl.invoke(DelegatingMethodAccessorImpl.java:43) ~[na:1.8.0_172]
	at java.lang.reflect.Method.invoke(Method.java:498) ~[na:1.8.0_172]
	at org.springframework.web.method.support.InvocableHandlerMethod.doInvoke(InvocableHandlerMethod.java:209) ~[spring-web-5.0.6.RELEASE.jar:5.0.6.RELEASE]
	at org.springframework.web.method.support.InvocableHandlerMethod.invokeForRequest(InvocableHandlerMethod.java:136) ~[spring-web-5.0.6.RELEASE.jar:5.0.6.RELEASE]
	at org.springframework.web.servlet.mvc.method.annotation.ServletInvocableHandlerMethod.invokeAndHandle(ServletInvocableHandlerMethod.java:102) ~[spring-webmvc-5.0.6.RELEASE.jar:5.0.6.RELEASE]
	at org.springframework.web.servlet.mvc.method.annotation.RequestMappingHandlerAdapter.invokeHandlerMethod(RequestMappingHandlerAdapter.java:877) ~[spring-webmvc-5.0.6.RELEASE.jar:5.0.6.RELEASE]
	at org.springframework.web.servlet.mvc.method.annotation.RequestMappingHandlerAdapter.handleInternal(RequestMappingHandlerAdapter.java:783) ~[spring-webmvc-5.0.6.RELEASE.jar:5.0.6.RELEASE]
	at org.springframework.web.servlet.mvc.method.AbstractHandlerMethodAdapter.handle(AbstractHandlerMethodAdapter.java:87) ~[spring-webmvc-5.0.6.RELEASE.jar:5.0.6.RELEASE]
	at org.springframework.web.servlet.DispatcherServlet.doDispatch(DispatcherServlet.java:991) ~[spring-webmvc-5.0.6.RELEASE.jar:5.0.6.RELEASE]
	at org.springframework.web.servlet.DispatcherServlet.doService(DispatcherServlet.java:925) ~[spring-webmvc-5.0.6.RELEASE.jar:5.0.6.RELEASE]
	at org.springframework.web.servlet.FrameworkServlet.processRequest(FrameworkServlet.java:974) ~[spring-webmvc-5.0.6.RELEASE.jar:5.0.6.RELEASE]
	at org.springframework.web.servlet.FrameworkServlet.doGet(FrameworkServlet.java:866) ~[spring-webmvc-5.0.6.RELEASE.jar:5.0.6.RELEASE]
	at javax.servlet.http.HttpServlet.service(HttpServlet.java:635) ~[tomcat-embed-core-8.5.31.jar:8.5.31]
	at org.springframework.web.servlet.FrameworkServlet.service(FrameworkServlet.java:851) ~[spring-webmvc-5.0.6.RELEASE.jar:5.0.6.RELEASE]
	at javax.servlet.http.HttpServlet.service(HttpServlet.java:742) ~[tomcat-embed-core-8.5.31.jar:8.5.31]
	at org.apache.catalina.core.ApplicationFilterChain.internalDoFilter(ApplicationFilterChain.java:231) ~[tomcat-embed-core-8.5.31.jar:8.5.31]
	at org.apache.catalina.core.ApplicationFilterChain.doFilter(ApplicationFilterChain.java:166) ~[tomcat-embed-core-8.5.31.jar:8.5.31]
	at org.apache.tomcat.websocket.server.WsFilter.doFilter(WsFilter.java:52) ~[tomcat-embed-websocket-8.5.31.jar:8.5.31]
	at org.apache.catalina.core.ApplicationFilterChain.internalDoFilter(ApplicationFilterChain.java:193) ~[tomcat-embed-core-8.5.31.jar:8.5.31]
	at org.apache.catalina.core.ApplicationFilterChain.doFilter(ApplicationFilterChain.java:166) ~[tomcat-embed-core-8.5.31.jar:8.5.31]
	at org.springframework.web.filter.RequestContextFilter.doFilterInternal(RequestContextFilter.java:99) ~[spring-web-5.0.6.RELEASE.jar:5.0.6.RELEASE]
	at org.springframework.web.filter.OncePerRequestFilter.doFilter(OncePerRequestFilter.java:107) ~[spring-web-5.0.6.RELEASE.jar:5.0.6.RELEASE]
	at org.apache.catalina.core.ApplicationFilterChain.internalDoFilter(ApplicationFilterChain.java:193) ~[tomcat-embed-core-8.5.31.jar:8.5.31]
	at org.apache.catalina.core.ApplicationFilterChain.doFilter(ApplicationFilterChain.java:166) ~[tomcat-embed-core-8.5.31.jar:8.5.31]
	at org.springframework.web.filter.HttpPutFormContentFilter.doFilterInternal(HttpPutFormContentFilter.java:109) ~[spring-web-5.0.6.RELEASE.jar:5.0.6.RELEASE]
	at org.springframework.web.filter.OncePerRequestFilter.doFilter(OncePerRequestFilter.java:107) ~[spring-web-5.0.6.RELEASE.jar:5.0.6.RELEASE]
	at org.apache.catalina.core.ApplicationFilterChain.internalDoFilter(ApplicationFilterChain.java:193) ~[tomcat-embed-core-8.5.31.jar:8.5.31]
	at org.apache.catalina.core.ApplicationFilterChain.doFilter(ApplicationFilterChain.java:166) ~[tomcat-embed-core-8.5.31.jar:8.5.31]
	at org.springframework.web.filter.HiddenHttpMethodFilter.doFilterInternal(HiddenHttpMethodFilter.java:81) ~[spring-web-5.0.6.RELEASE.jar:5.0.6.RELEASE]
	at org.springframework.web.filter.OncePerRequestFilter.doFilter(OncePerRequestFilter.java:107) ~[spring-web-5.0.6.RELEASE.jar:5.0.6.RELEASE]
	at org.apache.catalina.core.ApplicationFilterChain.internalDoFilter(ApplicationFilterChain.java:193) ~[tomcat-embed-core-8.5.31.jar:8.5.31]
	at org.apache.catalina.core.ApplicationFilterChain.doFilter(ApplicationFilterChain.java:166) ~[tomcat-embed-core-8.5.31.jar:8.5.31]
	at org.springframework.web.filter.CharacterEncodingFilter.doFilterInternal(CharacterEncodingFilter.java:200) ~[spring-web-5.0.6.RELEASE.jar:5.0.6.RELEASE]
	at org.springframework.web.filter.OncePerRequestFilter.doFilter(OncePerRequestFilter.java:107) ~[spring-web-5.0.6.RELEASE.jar:5.0.6.RELEASE]
	at org.apache.catalina.core.ApplicationFilterChain.internalDoFilter(ApplicationFilterChain.java:193) ~[tomcat-embed-core-8.5.31.jar:8.5.31]
	at org.apache.catalina.core.ApplicationFilterChain.doFilter(ApplicationFilterChain.java:166) ~[tomcat-embed-core-8.5.31.jar:8.5.31]
	at org.apache.catalina.core.StandardWrapperValve.invoke(StandardWrapperValve.java:198) ~[tomcat-embed-core-8.5.31.jar:8.5.31]
	at org.apache.catalina.core.StandardContextValve.invoke(StandardContextValve.java:96) [tomcat-embed-core-8.5.31.jar:8.5.31]
	at org.apache.catalina.authenticator.AuthenticatorBase.invoke(AuthenticatorBase.java:496) [tomcat-embed-core-8.5.31.jar:8.5.31]
	at org.apache.catalina.core.StandardHostValve.invoke(StandardHostValve.java:140) [tomcat-embed-core-8.5.31.jar:8.5.31]
	at org.apache.catalina.valves.ErrorReportValve.invoke(ErrorReportValve.java:81) [tomcat-embed-core-8.5.31.jar:8.5.31]
	at org.apache.catalina.core.StandardEngineValve.invoke(StandardEngineValve.java:87) [tomcat-embed-core-8.5.31.jar:8.5.31]
	at org.apache.catalina.connector.CoyoteAdapter.service(CoyoteAdapter.java:342) [tomcat-embed-core-8.5.31.jar:8.5.31]
	at org.apache.coyote.http11.Http11Processor.service(Http11Processor.java:803) [tomcat-embed-core-8.5.31.jar:8.5.31]
	at org.apache.coyote.AbstractProcessorLight.process(AbstractProcessorLight.java:66) [tomcat-embed-core-8.5.31.jar:8.5.31]
	at org.apache.coyote.AbstractProtocol$ConnectionHandler.process(AbstractProtocol.java:790) [tomcat-embed-core-8.5.31.jar:8.5.31]
	at org.apache.tomcat.util.net.NioEndpoint$SocketProcessor.doRun(NioEndpoint.java:1468) [tomcat-embed-core-8.5.31.jar:8.5.31]
	at org.apache.tomcat.util.net.SocketProcessorBase.run(SocketProcessorBase.java:49) [tomcat-embed-core-8.5.31.jar:8.5.31]
	at java.util.concurrent.ThreadPoolExecutor.runWorker(ThreadPoolExecutor.java:1149) [na:1.8.0_172]
	at java.util.concurrent.ThreadPoolExecutor$Worker.run(ThreadPoolExecutor.java:624) [na:1.8.0_172]
	at org.apache.tomcat.util.threads.TaskThread$WrappingRunnable.run(TaskThread.java:61) [tomcat-embed-core-8.5.31.jar:8.5.31]
	at java.lang.Thread.run(Thread.java:748) [na:1.8.0_172]

thread 14: client disconnection detected, canceling the build